<?xml version="1.0" encoding="UTF-8"?>
<!-- Generated by org.testng.reporters.JUnitXMLReporter -->
<testsuite hostname="DESKTOP-CM9PF6I" ignored="0" name="Test" tests="6" failures="0" timestamp="2020-08-13T16:59:59 IST" time="0.088" errors="0">
  <testcase name="deleteTwitter" time="0.013" classname="rahulshettyacademy.APITest"/>
  <testcase name="postJira" time="0.003" classname="rahulshettyacademy.APITest"/>
  <testcase name="BrowserAutomation" time="0.002" classname="rahulshettyacademy.SeleniumTest"/>
  <testcase name="elementsUi" time="0.001" classname="rahulshettyacademy.SeleniumTest"/>
  <testcase name="IOSApps" time="0.003" classname="rahulshettyacademy.ApiumTest"/>
  <testcase name="NativeAppAndroid" time="0.001" classname="rahulshettyacademy.ApiumTest"/>
</testsuite> <!-- Test -->
