<?xml version="1.0" encoding="UTF-8"?>
<!-- Generated by org.testng.reporters.JUnitXMLReporter -->
<testsuite hostname="DESKTOP-CM9PF6I" ignored="0" name="Test" tests="4" failures="0" timestamp="2020-08-13T17:04:27 IST" time="0.072" errors="0">
  <testcase name="deleteTwitter" time="0.007" classname="rahulshettyacademy.APITest"/>
  <testcase name="postJira" time="0.0" classname="rahulshettyacademy.APITest"/>
  <testcase name="BrowserAutomation" time="0.001" classname="rahulshettyacademy.SeleniumTest"/>
  <testcase name="elementsUi" time="0.0" classname="rahulshettyacademy.SeleniumTest"/>
</testsuite> <!-- Test -->
