<?xml version="1.0" encoding="UTF-8"?>
<testng-results skipped="0" failed="0" ignored="0" total="6" passed="6">
  <reporter-output>
  </reporter-output>
  <suite name="Suite" duration-ms="88" started-at="2020-08-13T16:59:59 IST" finished-at="2020-08-13T16:59:59 IST">
    <groups>
    </groups>
    <test name="Test" duration-ms="88" started-at="2020-08-13T16:59:59 IST" finished-at="2020-08-13T16:59:59 IST">
      <class name="rahulshettyacademy.SeleniumTest">
        <test-method status="PASS" signature="BrowserAutomation()[pri:0, instance:rahulshettyacademy.SeleniumTest@3712b94]" name="BrowserAutomation" duration-ms="2" started-at="2020-08-13T16:59:59 IST" finished-at="2020-08-13T16:59:59 IST">
          <reporter-output>
          </reporter-output>
        </test-method> <!-- BrowserAutomation -->
        <test-method status="PASS" signature="elementsUi()[pri:0, instance:rahulshettyacademy.SeleniumTest@3712b94]" name="elementsUi" duration-ms="1" started-at="2020-08-13T16:59:59 IST" finished-at="2020-08-13T16:59:59 IST">
          <reporter-output>
          </reporter-output>
        </test-method> <!-- elementsUi -->
      </class> <!-- rahulshettyacademy.SeleniumTest -->
      <class name="rahulshettyacademy.APITest">
        <test-method status="PASS" signature="deleteTwitter()[pri:0, instance:rahulshettyacademy.APITest@4d41cee]" name="deleteTwitter" duration-ms="13" started-at="2020-08-13T16:59:59 IST" finished-at="2020-08-13T16:59:59 IST">
          <reporter-output>
          </reporter-output>
        </test-method> <!-- deleteTwitter -->
        <test-method status="PASS" signature="postJira()[pri:0, instance:rahulshettyacademy.APITest@4d41cee]" name="postJira" duration-ms="3" started-at="2020-08-13T16:59:59 IST" finished-at="2020-08-13T16:59:59 IST">
          <reporter-output>
          </reporter-output>
        </test-method> <!-- postJira -->
      </class> <!-- rahulshettyacademy.APITest -->
      <class name="rahulshettyacademy.ApiumTest">
        <test-method status="PASS" signature="IOSApps()[pri:0, instance:rahulshettyacademy.ApiumTest@2833cc44]" name="IOSApps" duration-ms="3" started-at="2020-08-13T16:59:59 IST" finished-at="2020-08-13T16:59:59 IST">
          <reporter-output>
          </reporter-output>
        </test-method> <!-- IOSApps -->
        <test-method status="PASS" signature="NativeAppAndroid()[pri:0, instance:rahulshettyacademy.ApiumTest@2833cc44]" name="NativeAppAndroid" duration-ms="1" started-at="2020-08-13T16:59:59 IST" finished-at="2020-08-13T16:59:59 IST">
          <reporter-output>
          </reporter-output>
        </test-method> <!-- NativeAppAndroid -->
      </class> <!-- rahulshettyacademy.ApiumTest -->
    </test> <!-- Test -->
  </suite> <!-- Suite -->
</testng-results>
